build/app/intermediates/manifest_merge_blame_file/release/manifest-merger-blame-release-report.txt
1<?xml version="1.0" encoding="utf-8"?>
2<manifest xmlns:android="http://schemas.android.com/apk/res/android"
3    package="com.lawrencebanks.dealkarma"
4    android:versionCode="1"
5    android:versionName="1.0.0" >
6
7    <uses-sdk
8        android:minSdkVersion="21"
8-->src\main\AndroidManifest.xml
9        android:targetSdkVersion="29" />
9-->src\main\AndroidManifest.xml
10    <!--
11         io.flutter.app.FlutterApplication is an android.app.Application that
12         calls FlutterMain.startInitialization(this); in its onCreate method.
13         In most cases you can leave this as-is, but you if you want to provide
14         additional functionality it is fine to subclass or reimplement
15         FlutterApplication and put your custom class here.
16    -->
17    <uses-permission android:name="android.permission.INTERNET" />
17-->src\main\AndroidManifest.xml:8:5-66
17-->src\main\AndroidManifest.xml:8:22-64
18    <uses-permission android:name="android.permission.RECEIVE_BOOT_COMPLETED" />
18-->src\main\AndroidManifest.xml:9:5-80
18-->src\main\AndroidManifest.xml:9:22-78
19    <uses-permission android:name="android.permission.WAKE_LOCK" />
19-->src\main\AndroidManifest.xml:10:5-67
19-->src\main\AndroidManifest.xml:10:22-65
20    <uses-permission android:name="android.permission.VIBRATE" />
20-->src\main\AndroidManifest.xml:11:5-65
20-->src\main\AndroidManifest.xml:11:22-63
21    <uses-permission android:name="android.permission.READ_EXTERNAL_STORAGE" />
21-->[:image_picker] AndroidManifest.xml:7:5-80
21-->[:image_picker] AndroidManifest.xml:7:22-77
22    <uses-permission android:name="android.permission.WRITE_EXTERNAL_STORAGE" />
22-->[:image_picker] AndroidManifest.xml:8:5-81
22-->[:image_picker] AndroidManifest.xml:8:22-78
23    <uses-permission android:name="android.permission.USE_FULL_SCREEN_INTENT" /> <!-- Samsung Badge -->
23-->[:flutter_local_notifications] AndroidManifest.xml:9:5-81
23-->[:flutter_local_notifications] AndroidManifest.xml:9:22-78
24    <uses-permission android:name="com.sec.android.provider.badge.permission.READ" />
24-->[:awesome_notifications] AndroidManifest.xml:8:5-86
24-->[:awesome_notifications] AndroidManifest.xml:8:22-83
25    <uses-permission android:name="com.sec.android.provider.badge.permission.WRITE" /> <!-- Sony Badge -->
25-->[:awesome_notifications] AndroidManifest.xml:9:5-87
25-->[:awesome_notifications] AndroidManifest.xml:9:22-84
26    <uses-permission android:name="com.sonyericsson.home.permission.BROADCAST_BADGE" /> <!-- HTC Badge -->
26-->[:awesome_notifications] AndroidManifest.xml:12:5-88
26-->[:awesome_notifications] AndroidManifest.xml:12:22-85
27    <uses-permission android:name="com.htc.launcher.permission.READ_SETTINGS" />
27-->[:awesome_notifications] AndroidManifest.xml:15:5-81
27-->[:awesome_notifications] AndroidManifest.xml:15:22-78
28    <uses-permission android:name="com.htc.launcher.permission.UPDATE_SHORTCUT" />
28-->[:awesome_notifications] AndroidManifest.xml:16:5-83
28-->[:awesome_notifications] AndroidManifest.xml:16:22-80
29    <uses-permission android:name="android.permission.ACCESS_NETWORK_STATE" />
29-->[:firebase_analytics] AndroidManifest.xml:7:5-79
29-->[:firebase_analytics] AndroidManifest.xml:7:22-76
30    <uses-permission android:name="com.google.android.finsky.permission.BIND_GET_INSTALL_REFERRER_SERVICE" />
30-->[com.google.android.gms:play-services-measurement:17.6.0] AndroidManifest.xml:26:5-110
30-->[com.google.android.gms:play-services-measurement:17.6.0] AndroidManifest.xml:26:22-107
31
32    <application
32-->src\main\AndroidManifest.xml:12:5-72:19
33        android:name="io.flutter.app.FlutterApplication"
33-->src\main\AndroidManifest.xml:13:9-57
34        android:appComponentFactory="androidx.core.app.CoreComponentFactory"
34-->[androidx.core:core:1.3.1] AndroidManifest.xml:24:18-86
35        android:icon="@mipmap/launcher_icon"
35-->src\main\AndroidManifest.xml:15:9-45
36        android:label="Dealkarma" >
36-->src\main\AndroidManifest.xml:14:9-34
37        <activity
37-->src\main\AndroidManifest.xml:16:9-46:20
38            android:name="com.example.fire99.MainActivity"
38-->src\main\AndroidManifest.xml:17:13-41
39            android:configChanges="orientation|keyboardHidden|keyboard|screenSize|smallestScreenSize|locale|layoutDirection|fontScale|screenLayout|density|uiMode"
39-->src\main\AndroidManifest.xml:20:13-163
40            android:hardwareAccelerated="true"
40-->src\main\AndroidManifest.xml:21:13-47
41            android:launchMode="singleTop"
41-->src\main\AndroidManifest.xml:18:13-43
42            android:showWhenLocked="true"
42-->src\main\AndroidManifest.xml:23:13-42
43            android:theme="@style/LaunchTheme"
43-->src\main\AndroidManifest.xml:19:13-47
44            android:turnScreenOn="true"
44-->src\main\AndroidManifest.xml:24:13-40
45            android:windowSoftInputMode="adjustResize" >
45-->src\main\AndroidManifest.xml:22:13-55
46
47            <!--
48                 Specifies an Android theme to apply to this Activity as soon as
49                 the Android process has started. This theme is visible to the user
50                 while the Flutter UI initializes. After that, this theme continues
51                 to determine the Window background behind the Flutter UI.
52            -->
53            <meta-data
53-->src\main\AndroidManifest.xml:29:13-32:17
54                android:name="io.flutter.embedding.android.NormalTheme"
54-->src\main\AndroidManifest.xml:30:15-70
55                android:resource="@style/NormalTheme" />
55-->src\main\AndroidManifest.xml:31:15-52
56            <!--
57                 Displays an Android View that continues showing the launch screen
58                 Drawable until Flutter paints its first frame, then this splash
59                 screen fades out. A splash screen is useful to avoid any visual
60                 gap between the end of Android's launch screen and the painting of
61                 Flutter's first frame.
62            -->
63            <meta-data
63-->src\main\AndroidManifest.xml:38:13-41:17
64                android:name="io.flutter.embedding.android.SplashScreenDrawable"
64-->src\main\AndroidManifest.xml:39:15-79
65                android:resource="@drawable/launch_background" />
65-->src\main\AndroidManifest.xml:40:15-61
66
67            <intent-filter>
67-->src\main\AndroidManifest.xml:42:13-45:29
68                <action android:name="android.intent.action.MAIN" />
68-->src\main\AndroidManifest.xml:43:17-68
68-->src\main\AndroidManifest.xml:43:25-66
69
70                <category android:name="android.intent.category.LAUNCHER" />
70-->src\main\AndroidManifest.xml:44:17-76
70-->src\main\AndroidManifest.xml:44:27-74
71            </intent-filter>
72        </activity>
73        <!--
74             Don't delete the meta-data below.
75             This is used by the Flutter tool to generate GeneratedPluginRegistrant.java
76        -->
77        <meta-data
77-->src\main\AndroidManifest.xml:49:9-51:33
78            android:name="flutterEmbedding"
78-->src\main\AndroidManifest.xml:50:13-44
79            android:value="2" />
79-->src\main\AndroidManifest.xml:51:13-30
80        <meta-data
80-->src\main\AndroidManifest.xml:53:9-55:70
81            android:name="com.google.android.gms.ads.APPLICATION_ID"
81-->src\main\AndroidManifest.xml:54:13-69
82            android:value="ca-app-pub-9553580055895935~1610407402" />
82-->src\main\AndroidManifest.xml:55:13-67
83
84        <service
84-->src\main\AndroidManifest.xml:57:9-60:39
85            android:name="dev.fluttercommunity.plus.androidalarmmanager.AlarmService"
85-->src\main\AndroidManifest.xml:58:13-86
86            android:exported="false"
86-->src\main\AndroidManifest.xml:60:13-37
87            android:permission="android.permission.BIND_JOB_SERVICE" />
87-->src\main\AndroidManifest.xml:59:13-69
88
89        <receiver
89-->src\main\AndroidManifest.xml:61:9-63:39
90            android:name="dev.fluttercommunity.plus.androidalarmmanager.AlarmBroadcastReceiver"
90-->src\main\AndroidManifest.xml:62:13-96
91            android:exported="false" />
91-->src\main\AndroidManifest.xml:63:13-37
92        <receiver
92-->src\main\AndroidManifest.xml:64:9-70:20
93            android:name="dev.fluttercommunity.plus.androidalarmmanager.RebootBroadcastReceiver"
93-->src\main\AndroidManifest.xml:65:13-97
94            android:enabled="false" >
94-->src\main\AndroidManifest.xml:66:13-36
95            <intent-filter>
95-->src\main\AndroidManifest.xml:67:13-69:29
96                <action android:name="android.intent.action.BOOT_COMPLETED" />
96-->src\main\AndroidManifest.xml:68:17-86
96-->src\main\AndroidManifest.xml:68:25-76
97            </intent-filter>
98        </receiver>
99
100        <provider
100-->[:image_picker] AndroidManifest.xml:11:9-19:20
101            android:name="io.flutter.plugins.imagepicker.ImagePickerFileProvider"
101-->[:image_picker] AndroidManifest.xml:12:13-82
102            android:authorities="com.lawrencebanks.dealkarma.flutter.image_provider"
102-->[:image_picker] AndroidManifest.xml:13:13-74
103            android:exported="false"
103-->[:image_picker] AndroidManifest.xml:14:13-37
104            android:grantUriPermissions="true" >
104-->[:image_picker] AndroidManifest.xml:15:13-47
105            <meta-data
105-->[:image_picker] AndroidManifest.xml:16:13-18:75
106                android:name="android.support.FILE_PROVIDER_PATHS"
106-->[:image_picker] AndroidManifest.xml:17:17-67
107                android:resource="@xml/flutter_image_picker_file_paths" />
107-->[:image_picker] AndroidManifest.xml:18:17-72
108        </provider>
109
110        <service
110-->[:cloud_firestore] AndroidManifest.xml:8:9-12:19
111            android:name="com.google.firebase.components.ComponentDiscoveryService"
111-->[:cloud_firestore] AndroidManifest.xml:8:18-89
112            android:directBootAware="true"
112-->[com.google.firebase:firebase-common:19.3.1] AndroidManifest.xml:35:13-43
113            android:exported="false" >
113-->[com.google.firebase:firebase-auth:19.4.0] AndroidManifest.xml:35:13-37
114            <meta-data
114-->[:cloud_firestore] AndroidManifest.xml:9:13-11:85
115                android:name="com.google.firebase.components:io.flutter.plugins.firebase.firestore.FlutterFirebaseFirestoreRegistrar"
115-->[:cloud_firestore] AndroidManifest.xml:10:17-134
116                android:value="com.google.firebase.components.ComponentRegistrar" />
116-->[:cloud_firestore] AndroidManifest.xml:11:17-82
117            <meta-data
117-->[:firebase_auth] AndroidManifest.xml:9:13-11:85
118                android:name="com.google.firebase.components:io.flutter.plugins.firebase.auth.FlutterFirebaseAuthRegistrar"
118-->[:firebase_auth] AndroidManifest.xml:10:17-124
119                android:value="com.google.firebase.components.ComponentRegistrar" />
119-->[:firebase_auth] AndroidManifest.xml:11:17-82
120            <meta-data
120-->[:firebase_storage] AndroidManifest.xml:9:13-11:85
121                android:name="com.google.firebase.components:io.flutter.plugins.firebase.storage.FlutterFirebaseAppRegistrar"
121-->[:firebase_storage] AndroidManifest.xml:10:17-126
122                android:value="com.google.firebase.components.ComponentRegistrar" />
122-->[:firebase_storage] AndroidManifest.xml:11:17-82
123            <meta-data
123-->[:firebase_analytics] AndroidManifest.xml:13:13-15:85
124                android:name="com.google.firebase.components:io.flutter.plugins.firebaseanalytics.FlutterFirebaseAppRegistrar"
124-->[:firebase_analytics] AndroidManifest.xml:14:17-127
125                android:value="com.google.firebase.components.ComponentRegistrar" />
125-->[:firebase_analytics] AndroidManifest.xml:15:17-82
126            <meta-data
126-->[:firebase_core] AndroidManifest.xml:9:13-11:85
127                android:name="com.google.firebase.components:io.flutter.plugins.firebase.core.FlutterFirebaseCoreRegistrar"
127-->[:firebase_core] AndroidManifest.xml:10:17-124
128                android:value="com.google.firebase.components.ComponentRegistrar" />
128-->[:firebase_core] AndroidManifest.xml:11:17-82
129            <meta-data
129-->[com.google.firebase:firebase-auth:19.4.0] AndroidManifest.xml:36:13-38:85
130                android:name="com.google.firebase.components:com.google.firebase.auth.FirebaseAuthRegistrar"
130-->[com.google.firebase:firebase-auth:19.4.0] AndroidManifest.xml:37:17-109
131                android:value="com.google.firebase.components.ComponentRegistrar" />
131-->[com.google.firebase:firebase-auth:19.4.0] AndroidManifest.xml:38:17-82
132            <meta-data
132-->[com.google.firebase:firebase-storage:19.2.0] AndroidManifest.xml:33:13-35:85
133                android:name="com.google.firebase.components:com.google.firebase.storage.StorageRegistrar"
133-->[com.google.firebase:firebase-storage:19.2.0] AndroidManifest.xml:34:17-107
134                android:value="com.google.firebase.components.ComponentRegistrar" />
134-->[com.google.firebase:firebase-storage:19.2.0] AndroidManifest.xml:35:17-82
135            <meta-data
135-->[com.google.firebase:firebase-firestore:21.7.1] AndroidManifest.xml:20:13-22:85
136                android:name="com.google.firebase.components:com.google.firebase.firestore.FirestoreRegistrar"
136-->[com.google.firebase:firebase-firestore:21.7.1] AndroidManifest.xml:21:17-111
137                android:value="com.google.firebase.components.ComponentRegistrar" />
137-->[com.google.firebase:firebase-firestore:21.7.1] AndroidManifest.xml:22:17-82
138            <meta-data
138-->[com.google.android.gms:play-services-measurement-api:17.6.0] AndroidManifest.xml:30:13-32:85
139                android:name="com.google.firebase.components:com.google.firebase.analytics.connector.internal.AnalyticsConnectorRegistrar"
139-->[com.google.android.gms:play-services-measurement-api:17.6.0] AndroidManifest.xml:31:17-139
140                android:value="com.google.firebase.components.ComponentRegistrar" />
140-->[com.google.android.gms:play-services-measurement-api:17.6.0] AndroidManifest.xml:32:17-82
141            <meta-data
141-->[com.google.firebase:firebase-installations:16.3.2] AndroidManifest.xml:17:13-19:85
142                android:name="com.google.firebase.components:com.google.firebase.installations.FirebaseInstallationsRegistrar"
142-->[com.google.firebase:firebase-installations:16.3.2] AndroidManifest.xml:18:17-127
143                android:value="com.google.firebase.components.ComponentRegistrar" />
143-->[com.google.firebase:firebase-installations:16.3.2] AndroidManifest.xml:19:17-82
144        </service>
145
146        <receiver android:name="com.dexterous.flutterlocalnotifications.ScheduledNotificationReceiver" />
146-->[:flutter_local_notifications] AndroidManifest.xml:12:9-106
146-->[:flutter_local_notifications] AndroidManifest.xml:12:19-103
147        <receiver android:name="com.dexterous.flutterlocalnotifications.ScheduledNotificationBootReceiver" >
147-->[:flutter_local_notifications] AndroidManifest.xml:13:9-20:20
147-->[:flutter_local_notifications] AndroidManifest.xml:13:19-107
148            <intent-filter>
148-->[:flutter_local_notifications] AndroidManifest.xml:14:13-19:29
149                <action android:name="android.intent.action.BOOT_COMPLETED" />
149-->src\main\AndroidManifest.xml:68:17-86
149-->src\main\AndroidManifest.xml:68:25-76
150                <action android:name="android.intent.action.MY_PACKAGE_REPLACED" />
150-->[:flutter_local_notifications] AndroidManifest.xml:16:17-84
150-->[:flutter_local_notifications] AndroidManifest.xml:16:25-81
151                <action android:name="android.intent.action.QUICKBOOT_POWERON" />
151-->[:flutter_local_notifications] AndroidManifest.xml:17:17-82
151-->[:flutter_local_notifications] AndroidManifest.xml:17:25-79
152                <action android:name="com.htc.intent.action.QUICKBOOT_POWERON" />
152-->[:flutter_local_notifications] AndroidManifest.xml:18:17-82
152-->[:flutter_local_notifications] AndroidManifest.xml:18:25-79
153            </intent-filter>
154        </receiver>
155        <!--
156        <service
157            android:name=".services.firebase.FCMService"
158            android:exported="false">
159            <intent-filter>
160                <action android:name="com.google.firebase.MESSAGING_EVENT"/>
161            </intent-filter>
162        </service>
163
164        <service
165            android:name=".services.AutoCancelService"
166            android:stopWithTask="true" />
167
168        <meta-data android:name="firebase_messaging_auto_init_enabled" android:value="true" />
169
170        <meta-data
171            android:name="com.google.firebase.messaging.default_notification_channel_id"
172            android:value="me.carda.awesome_notifications.firebase.background_channel"/>
173        -->
174        <receiver android:name="me.carda.awesome_notifications.notifications.broadcastReceivers.DismissedNotificationReceiver" />
174-->[:awesome_notifications] AndroidManifest.xml:41:9-130
174-->[:awesome_notifications] AndroidManifest.xml:41:19-127
175        <receiver android:name="me.carda.awesome_notifications.notifications.broadcastReceivers.ScheduledNotificationReceiver" />
175-->[:awesome_notifications] AndroidManifest.xml:42:9-130
175-->[:awesome_notifications] AndroidManifest.xml:42:19-127
176        <receiver android:name="me.carda.awesome_notifications.notifications.broadcastReceivers.KeepOnTopActionReceiver" />
176-->[:awesome_notifications] AndroidManifest.xml:43:9-124
176-->[:awesome_notifications] AndroidManifest.xml:43:19-121
177        <receiver android:name="me.carda.awesome_notifications.notifications.broadcastReceivers.RefreshNotificationBootReceiver" >
177-->[:awesome_notifications] AndroidManifest.xml:44:9-54:20
177-->[:awesome_notifications] AndroidManifest.xml:44:19-129
178            <intent-filter>
178-->[:awesome_notifications] AndroidManifest.xml:45:13-53:29
179                <category android:name="android.intent.category.DEFAULT" />
179-->[:awesome_notifications] AndroidManifest.xml:46:17-76
179-->[:awesome_notifications] AndroidManifest.xml:46:27-73
180
181                <action android:name="android.intent.action.BOOT_COMPLETED" />
181-->src\main\AndroidManifest.xml:68:17-86
181-->src\main\AndroidManifest.xml:68:25-76
182                <action android:name="android.intent.action.LOCKED_BOOT_COMPLETED" />
182-->[:awesome_notifications] AndroidManifest.xml:49:17-86
182-->[:awesome_notifications] AndroidManifest.xml:49:25-83
183                <action android:name="android.intent.action.MY_PACKAGE_REPLACED" />
183-->[:flutter_local_notifications] AndroidManifest.xml:16:17-84
183-->[:flutter_local_notifications] AndroidManifest.xml:16:25-81
184                <action android:name="android.intent.action.QUICKBOOT_POWERON" />
184-->[:flutter_local_notifications] AndroidManifest.xml:17:17-82
184-->[:flutter_local_notifications] AndroidManifest.xml:17:25-79
185                <action android:name="com.htc.intent.action.QUICKBOOT_POWERON" />
185-->[:flutter_local_notifications] AndroidManifest.xml:18:17-82
185-->[:flutter_local_notifications] AndroidManifest.xml:18:25-79
186            </intent-filter>
187        </receiver>
188        <receiver android:name="androidx.media.session.MediaButtonReceiver" >
188-->[:awesome_notifications] AndroidManifest.xml:55:9-59:20
188-->[:awesome_notifications] AndroidManifest.xml:55:19-76
189            <intent-filter>
189-->[:awesome_notifications] AndroidManifest.xml:56:13-58:29
190                <action android:name="android.intent.action.MEDIA_BUTTON" />
190-->[:awesome_notifications] AndroidManifest.xml:57:17-77
190-->[:awesome_notifications] AndroidManifest.xml:57:25-74
191            </intent-filter>
192        </receiver>
193
194        <provider
194-->[:share] AndroidManifest.xml:8:9-16:20
195            android:name="io.flutter.plugins.share.ShareFileProvider"
195-->[:share] AndroidManifest.xml:9:13-70
196            android:authorities="com.lawrencebanks.dealkarma.flutter.share_provider"
196-->[:share] AndroidManifest.xml:10:13-74
197            android:exported="false"
197-->[:share] AndroidManifest.xml:11:13-37
198            android:grantUriPermissions="true" >
198-->[:share] AndroidManifest.xml:12:13-47
199            <meta-data
199-->[:image_picker] AndroidManifest.xml:16:13-18:75
200                android:name="android.support.FILE_PROVIDER_PATHS"
200-->[:image_picker] AndroidManifest.xml:17:17-67
201                android:resource="@xml/flutter_share_file_paths" />
201-->[:image_picker] AndroidManifest.xml:18:17-72
202        </provider>
203
204        <activity
204-->[:url_launcher] AndroidManifest.xml:8:9-11:74
205            android:name="io.flutter.plugins.urllauncher.WebViewActivity"
205-->[:url_launcher] AndroidManifest.xml:9:13-74
206            android:exported="false"
206-->[:url_launcher] AndroidManifest.xml:10:13-37
207            android:theme="@android:style/Theme.NoTitleBar.Fullscreen" />
207-->[:url_launcher] AndroidManifest.xml:11:13-71
208        <activity
208-->[com.google.firebase:firebase-auth:19.4.0] AndroidManifest.xml:24:9-31:50
209            android:name="com.google.firebase.auth.internal.FederatedSignInActivity"
209-->[com.google.firebase:firebase-auth:19.4.0] AndroidManifest.xml:25:13-85
210            android:excludeFromRecents="true"
210-->[com.google.firebase:firebase-auth:19.4.0] AndroidManifest.xml:26:13-46
211            android:exported="true"
211-->[com.google.firebase:firebase-auth:19.4.0] AndroidManifest.xml:27:13-36
212            android:launchMode="singleTask"
212-->[com.google.firebase:firebase-auth:19.4.0] AndroidManifest.xml:28:13-44
213            android:permission="com.google.firebase.auth.api.gms.permission.LAUNCH_FEDERATED_SIGN_IN"
213-->[com.google.firebase:firebase-auth:19.4.0] AndroidManifest.xml:29:13-102
214            android:theme="@android:style/Theme.Translucent.NoTitleBar" />
214-->[com.google.firebase:firebase-auth:19.4.0] AndroidManifest.xml:30:13-72
215        <activity
215-->[com.google.android.gms:play-services-auth:16.0.1] AndroidManifest.xml:23:9-27:75
216            android:name="com.google.android.gms.auth.api.signin.internal.SignInHubActivity"
216-->[com.google.android.gms:play-services-auth:16.0.1] AndroidManifest.xml:24:13-93
217            android:excludeFromRecents="true"
217-->[com.google.android.gms:play-services-auth:16.0.1] AndroidManifest.xml:25:13-46
218            android:exported="false"
218-->[com.google.android.gms:play-services-auth:16.0.1] AndroidManifest.xml:26:13-37
219            android:theme="@android:style/Theme.Translucent.NoTitleBar" />
219-->[com.google.android.gms:play-services-auth:16.0.1] AndroidManifest.xml:27:13-72
220        <!--
221            Service handling Google Sign-In user revocation. For apps that do not integrate with
222            Google Sign-In, this service will never be started.
223        -->
224        <service
224-->[com.google.android.gms:play-services-auth:16.0.1] AndroidManifest.xml:33:9-36:110
225            android:name="com.google.android.gms.auth.api.signin.RevocationBoundService"
225-->[com.google.android.gms:play-services-auth:16.0.1] AndroidManifest.xml:34:13-89
226            android:exported="true"
226-->[com.google.android.gms:play-services-auth:16.0.1] AndroidManifest.xml:35:13-36
227            android:permission="com.google.android.gms.auth.api.signin.permission.REVOCATION_NOTIFICATION" />
227-->[com.google.android.gms:play-services-auth:16.0.1] AndroidManifest.xml:36:13-107
228
229        <activity
229-->[com.google.android.gms:play-services-base:17.1.0] AndroidManifest.xml:23:9-26:75
230            android:name="com.google.android.gms.common.api.GoogleApiActivity"
230-->[com.google.android.gms:play-services-base:17.1.0] AndroidManifest.xml:24:13-79
231            android:exported="false"
231-->[com.google.android.gms:play-services-base:17.1.0] AndroidManifest.xml:25:13-37
232            android:theme="@android:style/Theme.Translucent.NoTitleBar" />
232-->[com.google.android.gms:play-services-base:17.1.0] AndroidManifest.xml:26:13-72
233
234        <receiver
234-->[com.google.android.gms:play-services-measurement:17.6.0] AndroidManifest.xml:29:9-33:20
235            android:name="com.google.android.gms.measurement.AppMeasurementReceiver"
235-->[com.google.android.gms:play-services-measurement:17.6.0] AndroidManifest.xml:30:13-85
236            android:enabled="true"
236-->[com.google.android.gms:play-services-measurement:17.6.0] AndroidManifest.xml:31:13-35
237            android:exported="false" >
237-->[com.google.android.gms:play-services-measurement:17.6.0] AndroidManifest.xml:32:13-37
238        </receiver>
239
240        <service
240-->[com.google.android.gms:play-services-measurement:17.6.0] AndroidManifest.xml:35:9-38:40
241            android:name="com.google.android.gms.measurement.AppMeasurementService"
241-->[com.google.android.gms:play-services-measurement:17.6.0] AndroidManifest.xml:36:13-84
242            android:enabled="true"
242-->[com.google.android.gms:play-services-measurement:17.6.0] AndroidManifest.xml:37:13-35
243            android:exported="false" />
243-->[com.google.android.gms:play-services-measurement:17.6.0] AndroidManifest.xml:38:13-37
244        <service
244-->[com.google.android.gms:play-services-measurement:17.6.0] AndroidManifest.xml:39:9-43:72
245            android:name="com.google.android.gms.measurement.AppMeasurementJobService"
245-->[com.google.android.gms:play-services-measurement:17.6.0] AndroidManifest.xml:40:13-87
246            android:enabled="true"
246-->[com.google.android.gms:play-services-measurement:17.6.0] AndroidManifest.xml:41:13-35
247            android:exported="false"
247-->[com.google.android.gms:play-services-measurement:17.6.0] AndroidManifest.xml:42:13-37
248            android:permission="android.permission.BIND_JOB_SERVICE" />
248-->[com.google.android.gms:play-services-measurement:17.6.0] AndroidManifest.xml:43:13-69
249
250        <provider
250-->[com.google.firebase:firebase-common:19.3.1] AndroidManifest.xml:26:9-31:39
251            android:name="com.google.firebase.provider.FirebaseInitProvider"
251-->[com.google.firebase:firebase-common:19.3.1] AndroidManifest.xml:27:13-77
252            android:authorities="com.lawrencebanks.dealkarma.firebaseinitprovider"
252-->[com.google.firebase:firebase-common:19.3.1] AndroidManifest.xml:28:13-72
253            android:directBootAware="true"
253-->[com.google.firebase:firebase-common:19.3.1] AndroidManifest.xml:29:13-43
254            android:exported="false"
254-->[com.google.firebase:firebase-common:19.3.1] AndroidManifest.xml:30:13-37
255            android:initOrder="100" /> <!-- Include the AdActivity and InAppPurchaseActivity configChanges and themes. -->
255-->[com.google.firebase:firebase-common:19.3.1] AndroidManifest.xml:31:13-36
256        <activity
256-->[com.google.android.gms:play-services-ads-lite:19.4.0] AndroidManifest.xml:29:9-33:64
257            android:name="com.google.android.gms.ads.AdActivity"
257-->[com.google.android.gms:play-services-ads-lite:19.4.0] AndroidManifest.xml:30:13-65
258            android:configChanges="keyboard|keyboardHidden|orientation|screenLayout|uiMode|screenSize|smallestScreenSize"
258-->[com.google.android.gms:play-services-ads-lite:19.4.0] AndroidManifest.xml:31:13-122
259            android:exported="false"
259-->[com.google.android.gms:play-services-ads-lite:19.4.0] AndroidManifest.xml:32:13-37
260            android:theme="@android:style/Theme.Translucent" />
260-->[com.google.android.gms:play-services-ads-lite:19.4.0] AndroidManifest.xml:33:13-61
261
262        <provider
262-->[com.google.android.gms:play-services-ads-lite:19.4.0] AndroidManifest.xml:35:9-39:39
263            android:name="com.google.android.gms.ads.MobileAdsInitProvider"
263-->[com.google.android.gms:play-services-ads-lite:19.4.0] AndroidManifest.xml:36:13-76
264            android:authorities="com.lawrencebanks.dealkarma.mobileadsinitprovider"
264-->[com.google.android.gms:play-services-ads-lite:19.4.0] AndroidManifest.xml:37:13-73
265            android:exported="false"
265-->[com.google.android.gms:play-services-ads-lite:19.4.0] AndroidManifest.xml:38:13-37
266            android:initOrder="100" />
266-->[com.google.android.gms:play-services-ads-lite:19.4.0] AndroidManifest.xml:39:13-36
267
268        <service
268-->[com.google.android.gms:play-services-ads-lite:19.4.0] AndroidManifest.xml:41:9-44:40
269            android:name="com.google.android.gms.ads.AdService"
269-->[com.google.android.gms:play-services-ads-lite:19.4.0] AndroidManifest.xml:42:13-64
270            android:enabled="true"
270-->[com.google.android.gms:play-services-ads-lite:19.4.0] AndroidManifest.xml:43:13-35
271            android:exported="false" />
271-->[com.google.android.gms:play-services-ads-lite:19.4.0] AndroidManifest.xml:44:13-37
272
273        <meta-data
273-->[com.google.android.gms:play-services-basement:17.3.0] AndroidManifest.xml:23:9-25:69
274            android:name="com.google.android.gms.version"
274-->[com.google.android.gms:play-services-basement:17.3.0] AndroidManifest.xml:24:13-58
275            android:value="@integer/google_play_services_version" />
275-->[com.google.android.gms:play-services-basement:17.3.0] AndroidManifest.xml:25:13-66
276
277        <provider
277-->[androidx.lifecycle:lifecycle-process:2.2.0] AndroidManifest.xml:25:9-29:43
278            android:name="androidx.lifecycle.ProcessLifecycleOwnerInitializer"
278-->[androidx.lifecycle:lifecycle-process:2.2.0] AndroidManifest.xml:26:13-79
279            android:authorities="com.lawrencebanks.dealkarma.lifecycle-process"
279-->[androidx.lifecycle:lifecycle-process:2.2.0] AndroidManifest.xml:27:13-69
280            android:exported="false"
280-->[androidx.lifecycle:lifecycle-process:2.2.0] AndroidManifest.xml:28:13-37